2018-10-26 15:41:36,164 - process_hive_to_meds.hive_to_meds_dcm_summary.HiveToMedsDcmSummary - INFO - Process process_hive_to_meds_dcm_summary is running for default dates
2018-10-26 15:41:36,164 - process_hive_to_meds.hive_to_meds_dcm_summary.HiveToMedsDcmSummary - INFO - Process process_hive_to_meds_dcm_summary is running from 2018-10-23 to 2018-10-23
2018-10-26 15:41:36,164 - process_hive_to_meds.hive_to_meds_dcm_summary.HiveToMedsDcmSummary - INFO - A staging table xyz_staging.DCM_SUMMARY_VALUES will be used by this process
2018-10-26 15:41:38,240 - process_hive_to_meds.hive_to_meds_dcm_summary.HiveToMedsDcmSummary - INFO - Table xyz_staging.DCM_SUMMARY_VALUES already exists, /srv/python/process_hive_to_meds/resources/hql/dcm_summary/dcm_summary_create_tempTable.hql will not be run.
2018-10-26 15:41:38,241 - process_hive_to_meds.hive_to_meds_dcm_summary.HiveToMedsDcmSummary - INFO - Inserting data for the partition 2018-10-23 into xyz_staging.DCM_SUMMARY_VALUES
2018-10-26 15:44:25,235 - process_hive_to_meds.hive_to_meds_dcm_summary.HiveToMedsDcmSummary - INFO - Creating export file in /tmp/xyz/dcm_summary
2018-10-26 15:44:56,531 - process_hive_to_meds.hive_to_meds_dcm_summary.HiveToMedsDcmSummary - INFO - Sqoop statement: ACCUMULO_HOME=/tmp \
sqoop export \
-Dmapreduce.job.name="dcm_summary" \
--connect jdbc:teradata://xyz.xyz.com/DATABASE=PD_CIMAOPS_DB \
--username "xyz" \
--password "***masked***" \
--table "HIVE_DAILY_IMPS_CLICKS" \
--export-dir "/tmp/xyz/dcm_summary" \
--input-fields-terminated-by "\t" \
--input-null-string "\\\N" \
--input-null-non-string "\\\N"
2018-10-26 15:46:47,884 - process_hive_to_meds.hive_to_meds_dcm_summary.HiveToMedsDcmSummary - INFO - Sqoop export successful
2018-10-26 15:46:47,885 - process_hive_to_meds.hive_to_meds_dcm_summary.HiveToMedsDcmSummary - INFO - dcm_summary run has completed.
2018-10-26 15:46:47,885 - process_hive_to_meds.hive_to_meds_dcm_summary.HiveToMedsDcmSummary - INFO - Process Completed
2018-10-26 15:46:47,886 - xyz.utils.hdfs - INFO - Making HDFS directory /data/archive/xyz/logs/process_hive_to_meds_dcm_summary
2018-10-26 15:46:50,365 - xyz.utils.hdfs - INFO - Putting local file, /home/xyz/logs/process_hive_to_meds_dcm_summary/2018-10-26_154136_128397.log.hdfs, to HDFS path, /data/archive/xyz/logs/process_hive_to_meds_dcm_summary/2018-10-26_154136_128397.log
2018-10-26 15:46:50,901 - xyz.utils.hdfs - INFO - Making HDFS directory /data/archive/xyz/logs/process_hive_to_meds_dcm_summary/2018-10-26_154136_128397.log
