2018-11-01 14:01:54,341 - process_hive_to_meds.hive_to_meds_dcm_summary.HiveToMedsDcmSummary - INFO - Process process_hive_to_meds_dcm_summary is running for default dates
2018-11-01 14:01:54,342 - process_hive_to_meds.hive_to_meds_dcm_summary.HiveToMedsDcmSummary - INFO - Process process_hive_to_meds_dcm_summary is running from 2018-10-29 to 2018-10-29
2018-11-01 14:01:54,342 - process_hive_to_meds.hive_to_meds_dcm_summary.HiveToMedsDcmSummary - INFO - A staging table xyz_staging.DCM_SUMMARY_VALUES will be used by this process
2018-11-01 14:01:56,986 - process_hive_to_meds.hive_to_meds_dcm_summary.HiveToMedsDcmSummary - INFO - Table xyz_staging.DCM_SUMMARY_VALUES already exists, /srv/python/process_hive_to_meds/resources/hql/dcm_summary/dcm_summary_create_tempTable.hql will not be run.
2018-11-01 14:01:56,986 - process_hive_to_meds.hive_to_meds_dcm_summary.HiveToMedsDcmSummary - INFO - Inserting data for the partition 2018-10-29 into xyz_staging.DCM_SUMMARY_VALUES
2018-11-01 14:04:27,387 - process_hive_to_meds.hive_to_meds_dcm_summary.HiveToMedsDcmSummary - INFO - Creating export file in /tmp/xyz/dcm_summary
2018-11-01 14:04:58,563 - process_hive_to_meds.hive_to_meds_dcm_summary.HiveToMedsDcmSummary - INFO - Sqoop statement: ACCUMULO_HOME=/tmp \
sqoop export \
-Dmapreduce.job.name="dcm_summary" \
--connect jdbc:teradata://xyz.xyz.com/DATABASE=PD_CIMAOPS_DB \
--username "xyz" \
--password "***masked***" \
--table "HIVE_DAILY_IMPS_CLICKS" \
--export-dir "/tmp/xyz/dcm_summary" \
--input-fields-terminated-by "\t" \
--input-null-string "\\\N" \
--input-null-non-string "\\\N"
2018-11-01 14:07:00,436 - process_hive_to_meds.hive_to_meds_dcm_summary.HiveToMedsDcmSummary - INFO - Sqoop export successful
2018-11-01 14:07:00,436 - process_hive_to_meds.hive_to_meds_dcm_summary.HiveToMedsDcmSummary - INFO - dcm_summary run has completed.
2018-11-01 14:07:00,436 - process_hive_to_meds.hive_to_meds_dcm_summary.HiveToMedsDcmSummary - INFO - Process Completed
2018-11-01 14:07:00,437 - xyz.utils.hdfs - INFO - Making HDFS directory /data/archive/xyz/logs/process_hive_to_meds_dcm_summary
2018-11-01 14:07:05,099 - xyz.utils.hdfs - INFO - Putting local file, /home/xyz/logs/process_hive_to_meds_dcm_summary/2018-11-01_140154_302491.log.hdfs, to HDFS path, /data/archive/xyz/logs/process_hive_to_meds_dcm_summary/2018-11-01_140154_302491.log
2018-11-01 14:07:05,646 - xyz.utils.hdfs - INFO - Making HDFS directory /data/archive/xyz/logs/process_hive_to_meds_dcm_summary/2018-11-01_140154_302491.log
