2018-10-29 17:55:49,700 - process_hive_to_meds.hive_to_meds_dcm_summary.HiveToMedsDcmSummary - INFO - Process process_hive_to_meds_dcm_summary is running for default dates
2018-10-29 17:55:49,700 - process_hive_to_meds.hive_to_meds_dcm_summary.HiveToMedsDcmSummary - INFO - Process process_hive_to_meds_dcm_summary is running from 2018-10-26 to 2018-10-26
2018-10-29 17:55:49,700 - process_hive_to_meds.hive_to_meds_dcm_summary.HiveToMedsDcmSummary - INFO - A staging table xyz_staging.DCM_SUMMARY_VALUES will be used by this process
2018-10-29 17:55:52,281 - process_hive_to_meds.hive_to_meds_dcm_summary.HiveToMedsDcmSummary - INFO - Table xyz_staging.DCM_SUMMARY_VALUES already exists, /srv/python/process_hive_to_meds/resources/hql/dcm_summary/dcm_summary_create_tempTable.hql will not be run.
2018-10-29 17:55:52,282 - process_hive_to_meds.hive_to_meds_dcm_summary.HiveToMedsDcmSummary - INFO - Inserting data for the partition 2018-10-26 into xyz_staging.DCM_SUMMARY_VALUES
2018-10-29 18:14:38,053 - process_hive_to_meds.hive_to_meds_dcm_summary.HiveToMedsDcmSummary - INFO - Creating export file in /tmp/xyz/dcm_summary
2018-10-29 18:15:27,878 - process_hive_to_meds.hive_to_meds_dcm_summary.HiveToMedsDcmSummary - INFO - Sqoop statement: ACCUMULO_HOME=/tmp \
sqoop export \
-Dmapreduce.job.name="dcm_summary" \
--connect jdbc:teradata://xyz.xyz.com/DATABASE=PD_CIMAOPS_DB \
--username "xyz" \
--password "***masked***" \
--table "HIVE_DAILY_IMPS_CLICKS" \
--export-dir "/tmp/xyz/dcm_summary" \
--input-fields-terminated-by "\t" \
--input-null-string "\\\N" \
--input-null-non-string "\\\N"
2018-10-29 18:17:33,977 - process_hive_to_meds.hive_to_meds_dcm_summary.HiveToMedsDcmSummary - INFO - Sqoop export successful
2018-10-29 18:17:33,977 - process_hive_to_meds.hive_to_meds_dcm_summary.HiveToMedsDcmSummary - INFO - dcm_summary run has completed.
2018-10-29 18:17:33,977 - process_hive_to_meds.hive_to_meds_dcm_summary.HiveToMedsDcmSummary - INFO - Process Completed
2018-10-29 18:17:33,978 - xyz.utils.hdfs - INFO - Making HDFS directory /data/archive/xyz/logs/process_hive_to_meds_dcm_summary
2018-10-29 18:17:36,705 - xyz.utils.hdfs - INFO - Putting local file, /home/xyz/logs/process_hive_to_meds_dcm_summary/2018-10-29_175549_673433.log.hdfs, to HDFS path, /data/archive/xyz/logs/process_hive_to_meds_dcm_summary/2018-10-29_175549_673433.log
2018-10-29 18:17:37,297 - xyz.utils.hdfs - INFO - Making HDFS directory /data/archive/xyz/logs/process_hive_to_meds_dcm_summary/2018-10-29_175549_673433.log
